<?xml version="1.0" encoding="UTF-8"?>
<!-- Generated by org.testng.reporters.JUnitReportReporter -->
<testsuite hostname="ELW5199" failures="0" tests="2" name="seleniumexamples.TestNg" time="0.010" errors="0" timestamp="26 Sep 2022 10:48:56 GMT" skipped="0">
  <testcase classname="seleniumexamples.TestNg" name="testCase2" time="0.002"/>
  <testcase classname="seleniumexamples.TestNg" name="testCase1" time="0.008"/>
</testsuite> <!-- seleniumexamples.TestNg -->
