<?xml version="1.0" encoding="UTF-8"?>
<!-- Generated by org.testng.reporters.JUnitReportReporter -->
<testsuite hostname="ELW5199" failures="0" tests="4" name="testng.TestNgExample" time="28.555" errors="0" timestamp="26 Sep 2022 18:29:07 GMT" skipped="0">
  <testcase classname="testng.TestNgExample" name="login" time="18.710"/>
  <testcase classname="testng.TestNgExample" name="search" time="3.890"/>
  <testcase classname="testng.TestNgExample" name="apply" time="3.839"/>
  <testcase classname="testng.TestNgExample" name="logout" time="2.116"/>
</testsuite> <!-- testng.TestNgExample -->
